******************** Error Log - 10/6/2018 2:46:58 AM*********************

Exception Type : NullReferenceException
Error Message : Object reference not set to an instance of an object.
Error Source : App_Web_ulzfidm3
Error Trace :    at Operation_SchoolRegistration.getUnderwriterRequest(String strText) in d:\Projects\VS2017 Projects\eGurukul\skool365\Operation\SchoolRegistration.aspx.cs:line 748
   at Operation_SchoolRegistration.btnSubmit_Click(Object sender, EventArgs e) in d:\Projects\VS2017 Projects\eGurukul\skool365\Operation\SchoolRegistration.aspx.cs:line 347
******************** Error Log - 10/6/2018 3:15:34 AM*********************

Exception Type : NullReferenceException
Error Message : Object reference not set to an instance of an object.
Error Source : App_Web_d1nhrtwi
Error Trace :    at Operation_SchoolRegistration.getUnderwriterRequest(String strText) in d:\Projects\VS2017 Projects\eGurukul\skool365\Operation\SchoolRegistration.aspx.cs:line 752
   at Operation_SchoolRegistration.btnSubmit_Click(Object sender, EventArgs e) in d:\Projects\VS2017 Projects\eGurukul\skool365\Operation\SchoolRegistration.aspx.cs:line 351
******************** Error Log - 10/6/2018 5:11:28 AM*********************

Exception Type : SqlException
Error Message : Procedure or function 'USP_SELECT_UNDERWRITER_REQUESTS' expects parameter '@P_Underwriter_ID', which was not supplied.
Error Source : .Net SqlClient Data Provider
Error Trace :    at Operation_SchoolRegistration.getRegistrationRequest(String strText) in d:\Projects\VS2017 Projects\eGurukul\skool365\Operation\SchoolRegistration.aspx.cs:line 747
   at Operation_SchoolRegistration.Page_Load(Object sender, EventArgs e) in d:\Projects\VS2017 Projects\eGurukul\skool365\Operation\SchoolRegistration.aspx.cs:line 79
******************** Error Log - 10/6/2018 5:12:05 AM*********************

Exception Type : SqlException
Error Message : Procedure or function 'USP_SELECT_UNDERWRITER_REQUESTS' expects parameter '@P_Underwriter_ID', which was not supplied.
Error Source : .Net SqlClient Data Provider
Error Trace :    at Operation_SchoolRegistration.getRegistrationRequest(String strText) in d:\Projects\VS2017 Projects\eGurukul\skool365\Operation\SchoolRegistration.aspx.cs:line 747
   at Operation_SchoolRegistration.Page_Load(Object sender, EventArgs e) in d:\Projects\VS2017 Projects\eGurukul\skool365\Operation\SchoolRegistration.aspx.cs:line 79
******************** Error Log - 10/6/2018 5:13:52 AM*********************

Exception Type : SqlException
Error Message : Procedure or function 'USP_SELECT_UNDERWRITER_REQUESTS' expects parameter '@P_Underwriter_ID', which was not supplied.
Error Source : .Net SqlClient Data Provider
Error Trace :    at Operation_SchoolRegistration.getRegistrationRequest(String strText) in d:\Projects\VS2017 Projects\eGurukul\skool365\Operation\SchoolRegistration.aspx.cs:line 747
   at Operation_SchoolRegistration.Page_Load(Object sender, EventArgs e) in d:\Projects\VS2017 Projects\eGurukul\skool365\Operation\SchoolRegistration.aspx.cs:line 79
******************** Error Log - 10/6/2018 5:36:05 AM*********************

Exception Type : HttpException
Error Message : A field or property with the name 'STATENAME' was not found on the selected data source.
Error Source : App_Web_0cj0fz4p
Error Trace :    at Operation_SchoolRegistration.getRegistrationRequest(String strText) in d:\Projects\VS2017 Projects\eGurukul\skool365\Operation\SchoolRegistration.aspx.cs:line 747
   at Operation_SchoolRegistration.Page_Load(Object sender, EventArgs e) in d:\Projects\VS2017 Projects\eGurukul\skool365\Operation\SchoolRegistration.aspx.cs:line 79
******************** Error Log - 10/6/2018 5:38:14 AM*********************

Exception Type : HttpException
Error Message : A field or property with the name 'STATENAME' was not found on the selected data source.
Error Source : App_Web_0cj0fz4p
Error Trace :    at Operation_SchoolRegistration.getRegistrationRequest(String strText) in d:\Projects\VS2017 Projects\eGurukul\skool365\Operation\SchoolRegistration.aspx.cs:line 747
   at Operation_SchoolRegistration.Page_Load(Object sender, EventArgs e) in d:\Projects\VS2017 Projects\eGurukul\skool365\Operation\SchoolRegistration.aspx.cs:line 79
