******************** Error Log - 12/28/2019 1:53:00 AM*********************

Exception Type : InvalidOperationException
Error Message : Using the Title property of Page requires a header control on the page. (e.g. <head runat="server" />).
Error Source : System.Web
Error Trace :    at System.Web.UI.Page.set_Title(String value)
   at Operation_Login.Page_Load(Object sender, EventArgs e) in d:\Projects\skool365\eGurukul\skool365\Login.aspx.cs:line 38
******************** Error Log - 12/28/2019 2:07:33 AM*********************

Exception Type : InvalidOperationException
Error Message : Using the Title property of Page requires a header control on the page. (e.g. <head runat="server" />).
Error Source : System.Web
Error Trace :    at System.Web.UI.Page.set_Title(String value)
   at Operation_Login.Page_Load(Object sender, EventArgs e) in d:\Projects\skool365\eGurukul\skool365\Login.aspx.cs:line 38
******************** Error Log - 12/28/2019 2:08:35 AM*********************

Exception Type : InvalidOperationException
Error Message : Using the Title property of Page requires a header control on the page. (e.g. <head runat="server" />).
Error Source : System.Web
Error Trace :    at System.Web.UI.Page.set_Title(String value)
   at Operation_Login.Page_Load(Object sender, EventArgs e) in d:\Projects\skool365\eGurukul\skool365\Login.aspx.cs:line 38
******************** Error Log - 12/28/2019 2:09:02 AM*********************

Exception Type : InvalidOperationException
Error Message : Using the Title property of Page requires a header control on the page. (e.g. <head runat="server" />).
Error Source : System.Web
Error Trace :    at System.Web.UI.Page.set_Title(String value)
   at Operation_Login.Page_Load(Object sender, EventArgs e) in d:\Projects\skool365\eGurukul\skool365\Login.aspx.cs:line 38
******************** Error Log - 12/28/2019 2:09:43 AM*********************

Exception Type : InvalidOperationException
Error Message : Using the Title property of Page requires a header control on the page. (e.g. <head runat="server" />).
Error Source : System.Web
Error Trace :    at System.Web.UI.Page.set_Title(String value)
   at Operation_Login.Page_Load(Object sender, EventArgs e) in d:\Projects\skool365\eGurukul\skool365\Login.aspx.cs:line 38
******************** Error Log - 12/28/2019 9:36:02 AM*********************

Exception Type : InvalidOperationException
Error Message : Using the Title property of Page requires a header control on the page. (e.g. <head runat="server" />).
Error Source : System.Web
Error Trace :    at System.Web.UI.Page.set_Title(String value)
   at Operation_Login.Page_Load(Object sender, EventArgs e) in d:\Projects\skool365\eGurukul\skool365\Login.aspx.cs:line 38
