******************** Error Log - 10/11/2019 3:05:06 AM*********************

Exception Type : ArgumentException
Error Message : Column 'SCHOOL_ID' does not belong to table .
Error Source : System.Data
Error Trace :    at System.Data.DataRow.GetDataColumn(String columnName)
   at System.Data.DataRow.get_Item(String columnName)
   at Operation_Login.btnLogin_Click(Object sender, EventArgs e) in d:\Projects\IPSM\eGurukul\skool365\Login.aspx.cs:line 153
******************** Error Log - 10/11/2019 3:05:09 AM*********************

Exception Type : ArgumentException
Error Message : Column 'SCHOOL_ID' does not belong to table .
Error Source : System.Data
Error Trace :    at System.Data.DataRow.GetDataColumn(String columnName)
   at System.Data.DataRow.get_Item(String columnName)
   at Operation_Login.btnLogin_Click(Object sender, EventArgs e) in d:\Projects\IPSM\eGurukul\skool365\Login.aspx.cs:line 153
******************** Error Log - 10/11/2019 3:05:56 AM*********************

Exception Type : ArgumentException
Error Message : Column 'SCHOOL_ID' does not belong to table .
Error Source : System.Data
Error Trace :    at System.Data.DataRow.GetDataColumn(String columnName)
   at System.Data.DataRow.get_Item(String columnName)
   at Operation_Login.btnLogin_Click(Object sender, EventArgs e) in d:\Projects\IPSM\eGurukul\skool365\Login.aspx.cs:line 153
