******************** Error Log - 5/25/2020 1:19:27 AM*********************

Exception Type : DirectoryNotFoundException
Error Message : Could not find a part of the path 'D:\Projects\skool365\eGurukul\skool365\Operation\Uploads\ManageRequests\18517'.
Error Source : mscorlib
Error Trace :    at System.IO.__Error.WinIOError(Int32 errorCode, String maybeFullPath)
   at System.IO.FileSystemEnumerableIterator`1.CommonInit()
   at System.IO.FileSystemEnumerableIterator`1..ctor(String path, String originalUserPath, String searchPattern, SearchOption searchOption, SearchResultHandler`1 resultHandler, Boolean checkHost)
   at System.IO.DirectoryInfo.InternalGetDirectories(String searchPattern, SearchOption searchOption)
   at System.IO.DirectoryInfo.GetDirectories()
   at Operation_SOVTree.PopulateTreeView(DirectoryInfo dirInfo, TreeNode treeNode) in d:\Projects\skool365\eGurukul\skool365\Operation\SOVTree.aspx.cs:line 99
   at Operation_SOVTree.Page_Load(Object sender, EventArgs e) in d:\Projects\skool365\eGurukul\skool365\Operation\SOVTree.aspx.cs:line 70
******************** Error Log - 5/25/2020 1:21:38 AM*********************

Exception Type : NullReferenceException
Error Message : Object reference not set to an instance of an object.
Error Source : App_Web_2qq1qwdx
Error Trace :    at Operation_MngRequests.getPendingAccountStatus() in d:\Projects\skool365\eGurukul\skool365\Operation\MngRequests.aspx.cs:line 1153
   at Operation_MngRequests.grdStyled_SelectedIndexChanged(Object sender, EventArgs e) in d:\Projects\skool365\eGurukul\skool365\Operation\MngRequests.aspx.cs:line 761
******************** Error Log - 5/25/2020 1:35:11 AM*********************

Exception Type : DirectoryNotFoundException
Error Message : Could not find a part of the path 'D:\Projects\skool365\eGurukul\skool365\Operation\Uploads\ManageRequests\18517'.
Error Source : mscorlib
Error Trace :    at System.IO.__Error.WinIOError(Int32 errorCode, String maybeFullPath)
   at System.IO.FileSystemEnumerableIterator`1.CommonInit()
   at System.IO.FileSystemEnumerableIterator`1..ctor(String path, String originalUserPath, String searchPattern, SearchOption searchOption, SearchResultHandler`1 resultHandler, Boolean checkHost)
   at System.IO.DirectoryInfo.InternalGetDirectories(String searchPattern, SearchOption searchOption)
   at System.IO.DirectoryInfo.GetDirectories()
   at Operation_SOVTree.PopulateTreeView(DirectoryInfo dirInfo, TreeNode treeNode) in d:\Projects\skool365\eGurukul\skool365\Operation\SOVTree.aspx.cs:line 99
   at Operation_SOVTree.Page_Load(Object sender, EventArgs e) in d:\Projects\skool365\eGurukul\skool365\Operation\SOVTree.aspx.cs:line 70
******************** Error Log - 5/25/2020 1:35:27 AM*********************

Exception Type : NullReferenceException
Error Message : Object reference not set to an instance of an object.
Error Source : App_Web_1vsomihv
Error Trace :    at Operation_MngRequests.clearControls() in d:\Projects\skool365\eGurukul\skool365\Operation\MngRequests.aspx.cs:line 986
   at Operation_MngRequests.grdStyled_SelectedIndexChanged(Object sender, EventArgs e) in d:\Projects\skool365\eGurukul\skool365\Operation\MngRequests.aspx.cs:line 734
