******************** Error Log - 5/30/2020 9:56:55 AM*********************

Exception Type : DirectoryNotFoundException
Error Message : Could not find a part of the path 'D:\Projects\skool365\eGurukul\skool365\Operation\Uploads\ManageRequests\18517'.
Error Source : mscorlib
Error Trace :    at System.IO.__Error.WinIOError(Int32 errorCode, String maybeFullPath)
   at System.IO.FileSystemEnumerableIterator`1.CommonInit()
   at System.IO.FileSystemEnumerableIterator`1..ctor(String path, String originalUserPath, String searchPattern, SearchOption searchOption, SearchResultHandler`1 resultHandler, Boolean checkHost)
   at System.IO.DirectoryInfo.InternalGetDirectories(String searchPattern, SearchOption searchOption)
   at System.IO.DirectoryInfo.GetDirectories()
   at Operation_SOVTree.PopulateTreeView(DirectoryInfo dirInfo, TreeNode treeNode) in d:\Projects\skool365\eGurukul\skool365\Operation\SOVTree.aspx.cs:line 99
   at Operation_SOVTree.Page_Load(Object sender, EventArgs e) in d:\Projects\skool365\eGurukul\skool365\Operation\SOVTree.aspx.cs:line 70
******************** Error Log - 5/30/2020 10:47:44 AM*********************

Exception Type : ArgumentOutOfRangeException
Error Message : Index was out of range. Must be non-negative and less than the size of the collection.
Parameter name: index
Error Source : mscorlib
Error Trace :    at System.Collections.ArrayList.get_Item(Int32 index)
   at System.Web.UI.WebControls.DataKeyArray.get_Item(Int32 index)
   at Operation_MngRequests.imgbtn_Click(Object sender, ImageClickEventArgs e) in d:\Projects\skool365\eGurukul\skool365\Operation\MngRequests.aspx.cs:line 1511
******************** Error Log - 5/30/2020 10:47:46 AM*********************

Exception Type : ArgumentOutOfRangeException
Error Message : Index was out of range. Must be non-negative and less than the size of the collection.
Parameter name: index
Error Source : mscorlib
Error Trace :    at System.Collections.ArrayList.get_Item(Int32 index)
   at System.Web.UI.WebControls.DataKeyArray.get_Item(Int32 index)
   at Operation_MngRequests.imgbtn_Click(Object sender, ImageClickEventArgs e) in d:\Projects\skool365\eGurukul\skool365\Operation\MngRequests.aspx.cs:line 1511
******************** Error Log - 5/30/2020 10:47:47 AM*********************

Exception Type : ArgumentOutOfRangeException
Error Message : Index was out of range. Must be non-negative and less than the size of the collection.
Parameter name: index
Error Source : mscorlib
Error Trace :    at System.Collections.ArrayList.get_Item(Int32 index)
   at System.Web.UI.WebControls.DataKeyArray.get_Item(Int32 index)
   at Operation_MngRequests.imgbtn_Click(Object sender, ImageClickEventArgs e) in d:\Projects\skool365\eGurukul\skool365\Operation\MngRequests.aspx.cs:line 1511
******************** Error Log - 5/30/2020 10:47:48 AM*********************

Exception Type : ArgumentOutOfRangeException
Error Message : Index was out of range. Must be non-negative and less than the size of the collection.
Parameter name: index
Error Source : mscorlib
Error Trace :    at System.Collections.ArrayList.get_Item(Int32 index)
   at System.Web.UI.WebControls.DataKeyArray.get_Item(Int32 index)
   at Operation_MngRequests.imgbtn_Click(Object sender, ImageClickEventArgs e) in d:\Projects\skool365\eGurukul\skool365\Operation\MngRequests.aspx.cs:line 1511
******************** Error Log - 5/30/2020 10:47:50 AM*********************

Exception Type : ArgumentOutOfRangeException
Error Message : Index was out of range. Must be non-negative and less than the size of the collection.
Parameter name: index
Error Source : mscorlib
Error Trace :    at System.Collections.ArrayList.get_Item(Int32 index)
   at System.Web.UI.WebControls.DataKeyArray.get_Item(Int32 index)
   at Operation_MngRequests.imgbtn_Click(Object sender, ImageClickEventArgs e) in d:\Projects\skool365\eGurukul\skool365\Operation\MngRequests.aspx.cs:line 1511
******************** Error Log - 5/30/2020 10:47:52 AM*********************

Exception Type : DirectoryNotFoundException
Error Message : Could not find a part of the path 'D:\Projects\skool365\eGurukul\skool365\Operation\Uploads\ManageRequests\18517'.
Error Source : mscorlib
Error Trace :    at System.IO.__Error.WinIOError(Int32 errorCode, String maybeFullPath)
   at System.IO.FileSystemEnumerableIterator`1.CommonInit()
   at System.IO.FileSystemEnumerableIterator`1..ctor(String path, String originalUserPath, String searchPattern, SearchOption searchOption, SearchResultHandler`1 resultHandler, Boolean checkHost)
   at System.IO.DirectoryInfo.InternalGetDirectories(String searchPattern, SearchOption searchOption)
   at System.IO.DirectoryInfo.GetDirectories()
   at Operation_SOVTree.PopulateTreeView(DirectoryInfo dirInfo, TreeNode treeNode) in d:\Projects\skool365\eGurukul\skool365\Operation\SOVTree.aspx.cs:line 99
   at Operation_SOVTree.Page_Load(Object sender, EventArgs e) in d:\Projects\skool365\eGurukul\skool365\Operation\SOVTree.aspx.cs:line 70
