******************** Error Log - 10/26/2018 9:00:27 AM*********************

Exception Type : SqlException
Error Message : A network-related or instance-specific error occurred while establishing a connection to SQL Server. The server was not found or was not accessible. Verify that the instance name is correct and that SQL Server is configured to allow remote connections. (provider: Shared Memory Provider, error: 40 - Could not open a connection to SQL Server)
Error Source : .Net SqlClient Data Provider
Error Trace :    at BLCMR.STPclsLogin.GetLogin(String Userid, String EmailId, String Password, String IPAddress, String strCon)
   at Operation_Login.btnLogin_Click(Object sender, EventArgs e) in d:\Projects\VS2017 Projects\eGurukul\skool365\Login.aspx.cs:line 99

Exception Type : Win32Exception
Error Message : The system cannot find the file specified
Error Source : 
Error Trace : 
******************** Error Log - 10/26/2018 9:02:20 AM*********************

Exception Type : SqlException
Error Message : A network-related or instance-specific error occurred while establishing a connection to SQL Server. The server was not found or was not accessible. Verify that the instance name is correct and that SQL Server is configured to allow remote connections. (provider: Shared Memory Provider, error: 40 - Could not open a connection to SQL Server)
Error Source : .Net SqlClient Data Provider
Error Trace :    at BLCMR.STPclsLogin.GetLogin(String Userid, String EmailId, String Password, String IPAddress, String strCon)
   at Operation_Login.btnLogin_Click(Object sender, EventArgs e) in d:\Projects\VS2017 Projects\eGurukul\skool365\Login.aspx.cs:line 99

Exception Type : Win32Exception
Error Message : The system cannot find the file specified
Error Source : 
Error Trace : 
