******************** Error Log - 11/17/2018 4:36:11 AM*********************

Exception Type : NullReferenceException
Error Message : Object reference not set to an instance of an object.
Error Source : App_Web_lz35ynvx
Error Trace :    at Operation_SchoolRegistration.Page_PreInit(Object sender, EventArgs e) in d:\Projects\VS2017 Projects\eGurukul\skool365\Operation\SchoolRegistration.aspx.cs:line 49
******************** Error Log - 11/17/2018 5:07:44 AM*********************

Exception Type : SqlException
Error Message : A network-related or instance-specific error occurred while establishing a connection to SQL Server. The server was not found or was not accessible. Verify that the instance name is correct and that SQL Server is configured to allow remote connections. (provider: TCP Provider, error: 0 - The wait operation timed out.)
Error Source : .Net SqlClient Data Provider
Error Trace :    at Operation_SchoolRegistration.getDefaultLogin() in d:\Projects\VS2017 Projects\eGurukul\skool365\Operation\SchoolRegistration.aspx.cs:line 895
   at Operation_SchoolRegistration.Page_Load(Object sender, EventArgs e) in d:\Projects\VS2017 Projects\eGurukul\skool365\Operation\SchoolRegistration.aspx.cs:line 162

Exception Type : Win32Exception
Error Message : The wait operation timed out
Error Source : 
Error Trace : 
******************** Error Log - 11/17/2018 5:07:45 AM*********************

Exception Type : SqlException
Error Message : A network-related or instance-specific error occurred while establishing a connection to SQL Server. The server was not found or was not accessible. Verify that the instance name is correct and that SQL Server is configured to allow remote connections. (provider: TCP Provider, error: 0 - The wait operation timed out.)
Error Source : .Net SqlClient Data Provider
Error Trace :    at Operation_SchoolRegistration.getDefaultLogin() in d:\Projects\VS2017 Projects\eGurukul\skool365\Operation\SchoolRegistration.aspx.cs:line 895
   at Operation_SchoolRegistration.Page_Load(Object sender, EventArgs e) in d:\Projects\VS2017 Projects\eGurukul\skool365\Operation\SchoolRegistration.aspx.cs:line 162

Exception Type : Win32Exception
Error Message : The wait operation timed out
Error Source : 
Error Trace : 
