******************** Error Log - 6/20/2020 2:47:06 AM*********************

Exception Type : ArgumentOutOfRangeException
Error Message : 'ddlUWList' has a SelectedValue which is invalid because it does not exist in the list of items.
Parameter name: value
Error Source : App_Web_tasshvok
Error Trace :    at Operation_MngRequests.clearControls() in d:\Projects\skool365\eGurukul\skool365\Operation\MngRequests.aspx.cs:line 986
   at Operation_MngRequests.btnSubmit_Click(Object sender, EventArgs e) in d:\Projects\skool365\eGurukul\skool365\Operation\MngRequests.aspx.cs:line 523
******************** Error Log - 6/20/2020 2:49:25 AM*********************

Exception Type : ArgumentOutOfRangeException
Error Message : 'ddlUWList' has a SelectedValue which is invalid because it does not exist in the list of items.
Parameter name: value
Error Source : App_Web_tasshvok
Error Trace :    at Operation_MngRequests.clearControls() in d:\Projects\skool365\eGurukul\skool365\Operation\MngRequests.aspx.cs:line 986
   at Operation_MngRequests.grdStyled_SelectedIndexChanged(Object sender, EventArgs e) in d:\Projects\skool365\eGurukul\skool365\Operation\MngRequests.aspx.cs:line 732
******************** Error Log - 6/20/2020 2:52:28 AM*********************

Exception Type : ArgumentOutOfRangeException
Error Message : 'ddlUWList' has a SelectedValue which is invalid because it does not exist in the list of items.
Parameter name: value
Error Source : App_Web_tasshvok
Error Trace :    at Operation_MngRequests.clearControls() in d:\Projects\skool365\eGurukul\skool365\Operation\MngRequests.aspx.cs:line 986
   at Operation_MngRequests.grdStyled_SelectedIndexChanged(Object sender, EventArgs e) in d:\Projects\skool365\eGurukul\skool365\Operation\MngRequests.aspx.cs:line 732
******************** Error Log - 6/20/2020 3:44:23 AM*********************

Exception Type : IndexOutOfRangeException
Error Message : There is no row at position 0.
Error Source : System.Data
Error Trace :    at System.Data.RBTree`1.GetNodeByIndex(Int32 userIndex)
   at System.Data.DataRowCollection.get_Item(Int32 index)
   at Operation_MngRequests.btnSubmit_Click(Object sender, EventArgs e) in d:\Projects\skool365\eGurukul\skool365\Operation\MngRequests.aspx.cs:line 314
******************** Error Log - 6/20/2020 4:08:22 AM*********************

Exception Type : IndexOutOfRangeException
Error Message : There is no row at position 0.
Error Source : System.Data
Error Trace :    at System.Data.RBTree`1.GetNodeByIndex(Int32 userIndex)
   at System.Data.DataRowCollection.get_Item(Int32 index)
   at Operation_MngRequests.btnSubmit_Click(Object sender, EventArgs e) in d:\Projects\skool365\eGurukul\skool365\Operation\MngRequests.aspx.cs:line 320
******************** Error Log - 6/20/2020 1:56:22 PM*********************

Exception Type : IndexOutOfRangeException
Error Message : There is no row at position 0.
Error Source : System.Data
Error Trace :    at System.Data.RBTree`1.GetNodeByIndex(Int32 userIndex)
   at System.Data.DataRowCollection.get_Item(Int32 index)
   at Operation_MngRequests.btnSubmit_Click(Object sender, EventArgs e) in d:\Projects\skool365\eGurukul\skool365\Operation\MngRequests.aspx.cs:line 320
******************** Error Log - 6/20/2020 2:23:13 PM*********************

Exception Type : IndexOutOfRangeException
Error Message : There is no row at position 0.
Error Source : System.Data
Error Trace :    at System.Data.RBTree`1.GetNodeByIndex(Int32 userIndex)
   at System.Data.DataRowCollection.get_Item(Int32 index)
   at Operation_MngRequests.btnSubmit_Click(Object sender, EventArgs e) in d:\Projects\skool365\eGurukul\skool365\Operation\MngRequests.aspx.cs:line 320
