******************** Error Log - 11/18/2018 4:06:35 AM*********************

Exception Type : SqlException
Error Message : The conversion of a varchar data type to a datetime data type resulted in an out-of-range value.
Error Source : .Net SqlClient Data Provider
Error Trace :    at Operation_Registration.getOlympiadRegisteredDetails() in d:\Projects\VS2017 Projects\eGurukul\skool365\Operation\Registration.aspx.cs:line 181
   at Operation_Registration.btnSubmit_Click(Object sender, EventArgs e) in d:\Projects\VS2017 Projects\eGurukul\skool365\Operation\Registration.aspx.cs:line 1530
******************** Error Log - 11/18/2018 5:05:26 AM*********************

Exception Type : SqlException
Error Message : The conversion of a varchar data type to a datetime data type resulted in an out-of-range value.
Error Source : .Net SqlClient Data Provider
Error Trace :    at Operation_Registration.getOlympiadRegisteredDetails() in d:\Projects\VS2017 Projects\eGurukul\skool365\Operation\Registration.aspx.cs:line 181
   at Operation_Registration.Page_Load(Object sender, EventArgs e) in d:\Projects\VS2017 Projects\eGurukul\skool365\Operation\Registration.aspx.cs:line 83
******************** Error Log - 11/18/2018 5:07:45 AM*********************

Exception Type : SqlException
Error Message : The conversion of a varchar data type to a datetime data type resulted in an out-of-range value.
Error Source : .Net SqlClient Data Provider
Error Trace :    at Operation_Registration.getOlympiadRegisteredDetails() in d:\Projects\VS2017 Projects\eGurukul\skool365\Operation\Registration.aspx.cs:line 181
   at Operation_Registration.Page_Load(Object sender, EventArgs e) in d:\Projects\VS2017 Projects\eGurukul\skool365\Operation\Registration.aspx.cs:line 83
******************** Error Log - 11/18/2018 5:15:35 AM*********************

Exception Type : SqlException
Error Message : The conversion of a varchar data type to a datetime data type resulted in an out-of-range value.
Error Source : .Net SqlClient Data Provider
Error Trace :    at Operation_Registration.getOlympiadRegisteredDetails() in d:\Projects\VS2017 Projects\eGurukul\skool365\Operation\Registration.aspx.cs:line 181
   at Operation_Registration.Page_Load(Object sender, EventArgs e) in d:\Projects\VS2017 Projects\eGurukul\skool365\Operation\Registration.aspx.cs:line 83
******************** Error Log - 11/18/2018 5:16:56 AM*********************

Exception Type : SqlException
Error Message : The conversion of a varchar data type to a datetime data type resulted in an out-of-range value.
Error Source : .Net SqlClient Data Provider
Error Trace :    at Operation_Registration.getOlympiadRegisteredDetails() in d:\Projects\VS2017 Projects\eGurukul\skool365\Operation\Registration.aspx.cs:line 181
   at Operation_Registration.Page_Load(Object sender, EventArgs e) in d:\Projects\VS2017 Projects\eGurukul\skool365\Operation\Registration.aspx.cs:line 83
